<?xml version="1.0" encoding="UTF-8"?>
<beans xmlns="http://www.springframework.org/schema/beans"
	xmlns:xsi="http://www.w3.org/2001/XMLSchema-instance"
	xsi:schemaLocation="http://www.springframework.org/schema/beans http://www.springframework.org/schema/beans/spring-beans.xsd">

<bean id="dataSource" class="org.springframework.jdbc.datasource.SimpleDriverDataSource">
	<property name="driverClass" value="com.mysql.jdbc.Driver"></property>
	<property name="url" value="jdbc:mysql://localhost/springtest"></property>
	<property name="username" value="springtest"></property>
	<property name="password" value="springtest"></property>
</bean>
<bean id="userDao" class="org.gradle.dao.UserDaoJdbc"> </bean>

<bean id="userService" class="org.gradle.service.UserService"></bean>

<bean id="transactionManager" class="org.springframework.jdbc.datasource.DataSourceTransactionManager">
  <property name="dataSource" ref="dataSource"></property> 
</bean>

<bean id="mailSender" class="org.gradle.util.DummyMailSender">
</bean>

<bean id="jdbcTemplate" class="org.springframework.jdbc.core.JdbcTemplate">
	<property name="dataSource" ref="dataSource"></property>
</bean>
</beans>


